
> eutopias-fresh@1.0.0 dev /Users/timbarnsley/Documents/GitHub/eutopias
> cross-env NODE_OPTIONS=--no-deprecation next dev

 ⚠ Port 3000 is in use by process 1214
52577, using available port 3001 instead.
   ▲ Next.js 15.4.4
   - Local:        http://localhost:3001
   - Network:      http://192.168.1.77:3001
   - Environments: .env

 ✓ Starting...
 ✓ Ready in 2.8s
 ○ Compiling / ...
 ✓ Compiled / in 6s (1890 modules)
[13:10:36] [33mWARN[39m: [36mNo email adapter provided. Email will be written to console. More info at https://payloadcms.com/docs/email/overview.[39m
 ✓ Compiled in 3s (460 modules)
 ⨯ Error: Failed query: select "pages"."id", "pages"."title", "pages"."hero_type", "pages"."hero_rich_text", "pages"."hero_media_id", "pages"."meta_title", "pages"."meta_image_id", "pages"."meta_description", "pages"."published_at", "pages"."generate_slug", "pages"."slug", "pages"."updated_at", "pages"."created_at", "pages"."_status", "pages_hero_links"."data" as "hero_links", "pages__blocks_cta"."data" as "_blocks_cta", "pages__blocks_content"."data" as "_blocks_content", "pages__blocks_mediaBlock"."data" as "_blocks_mediaBlock", "pages__blocks_archive"."data" as "_blocks_archive", "pages__blocks_formBlock"."data" as "_blocks_formBlock", "pages__blocks_latestStories"."data" as "_blocks_latestStories", "pages__rels"."data" as "_rels" from "pages" "pages" left join lateral (select coalesce(json_agg(json_build_array("pages_hero_links"."_order", "pages_hero_links"."id", "pages_hero_links"."link_type", "pages_hero_links"."link_new_tab", "pages_hero_links"."link_url", "pages_hero_links"."link_label", "pages_hero_links"."link_appearance") order by "pages_hero_links"."_order" asc), '[]'::json) as "data" from (select * from "pages_hero_links" "pages_hero_links" where "pages_hero_links"."_parent_id" = "pages"."id" order by "pages_hero_links"."_order" asc) "pages_hero_links") "pages_hero_links" on true left join lateral (select coalesce(json_agg(json_build_array("pages__blocks_cta"."_order", "pages__blocks_cta"."_path", "pages__blocks_cta"."id", "pages__blocks_cta"."rich_text", "pages__blocks_cta"."block_name", "pages__blocks_cta_links"."data") order by "pages__blocks_cta"."_order" asc), '[]'::json) as "data" from (select * from "pages_blocks_cta" "pages__blocks_cta" where "pages__blocks_cta"."_parent_id" = "pages"."id" order by "pages__blocks_cta"."_order" asc) "pages__blocks_cta" left join lateral (select coalesce(json_agg(json_build_array("pages__blocks_cta_links"."_order", "pages__blocks_cta_links"."id", "pages__blocks_cta_links"."link_type", "pages__blocks_cta_links"."link_new_tab", "pages__blocks_cta_links"."link_url", "pages__blocks_cta_links"."link_label", "pages__blocks_cta_links"."link_appearance") order by "pages__blocks_cta_links"."_order" asc), '[]'::json) as "data" from (select * from "pages_blocks_cta_links" "pages__blocks_cta_links" where "pages__blocks_cta_links"."_parent_id" = "pages__blocks_cta"."id" order by "pages__blocks_cta_links"."_order" asc) "pages__blocks_cta_links") "pages__blocks_cta_links" on true) "pages__blocks_cta" on true left join lateral (select coalesce(json_agg(json_build_array("pages__blocks_content"."_order", "pages__blocks_content"."_path", "pages__blocks_content"."id", "pages__blocks_content"."block_name", "pages__blocks_content_columns"."data") order by "pages__blocks_content"."_order" asc), '[]'::json) as "data" from (select * from "pages_blocks_content" "pages__blocks_content" where "pages__blocks_content"."_parent_id" = "pages"."id" order by "pages__blocks_content"."_order" asc) "pages__blocks_content" left join lateral (select coalesce(json_agg(json_build_array("pages__blocks_content_columns"."_order", "pages__blocks_content_columns"."id", "pages__blocks_content_columns"."size", "pages__blocks_content_columns"."rich_text", "pages__blocks_content_columns"."enable_link", "pages__blocks_content_columns"."link_type", "pages__blocks_content_columns"."link_new_tab", "pages__blocks_content_columns"."link_url", "pages__blocks_content_columns"."link_label", "pages__blocks_content_columns"."link_appearance") order by "pages__blocks_content_columns"."_order" asc), '[]'::json) as "data" from (select * from "pages_blocks_content_columns" "pages__blocks_content_columns" where "pages__blocks_content_columns"."_parent_id" = "pages__blocks_content"."id" order by "pages__blocks_content_columns"."_order" asc) "pages__blocks_content_columns") "pages__blocks_content_columns" on true) "pages__blocks_content" on true left join lateral (select coalesce(json_agg(json_build_array("pages__blocks_mediaBlock"."_order", "pages__blocks_mediaBlock"."_path", "pages__blocks_mediaBlock"."id", "pages__blocks_mediaBlock"."media_id", "pages__blocks_mediaBlock"."variant", "pages__blocks_mediaBlock"."width", "pages__blocks_mediaBlock"."align", "pages__blocks_mediaBlock"."layout", "pages__blocks_mediaBlock"."second_media_id", "pages__blocks_mediaBlock"."block_name") order by "pages__blocks_mediaBlock"."_order" asc), '[]'::json) as "data" from (select * from "pages_blocks_media_block" "pages__blocks_mediaBlock" where "pages__blocks_mediaBlock"."_parent_id" = "pages"."id" order by "pages__blocks_mediaBlock"."_order" asc) "pages__blocks_mediaBlock") "pages__blocks_mediaBlock" on true left join lateral (select coalesce(json_agg(json_build_array("pages__blocks_archive"."_order", "pages__blocks_archive"."_path", "pages__blocks_archive"."id", "pages__blocks_archive"."intro_content", "pages__blocks_archive"."populate_by", "pages__blocks_archive"."relation_to", "pages__blocks_archive"."limit", "pages__blocks_archive"."block_name") order by "pages__blocks_archive"."_order" asc), '[]'::json) as "data" from (select * from "pages_blocks_archive" "pages__blocks_archive" where "pages__blocks_archive"."_parent_id" = "pages"."id" order by "pages__blocks_archive"."_order" asc) "pages__blocks_archive") "pages__blocks_archive" on true left join lateral (select coalesce(json_agg(json_build_array("pages__blocks_formBlock"."_order", "pages__blocks_formBlock"."_path", "pages__blocks_formBlock"."id", "pages__blocks_formBlock"."form_id", "pages__blocks_formBlock"."enable_intro", "pages__blocks_formBlock"."intro_content", "pages__blocks_formBlock"."block_name") order by "pages__blocks_formBlock"."_order" asc), '[]'::json) as "data" from (select * from "pages_blocks_form_block" "pages__blocks_formBlock" where "pages__blocks_formBlock"."_parent_id" = "pages"."id" order by "pages__blocks_formBlock"."_order" asc) "pages__blocks_formBlock") "pages__blocks_formBlock" on true left join lateral (select coalesce(json_agg(json_build_array("pages__blocks_latestStories"."_order", "pages__blocks_latestStories"."_path", "pages__blocks_latestStories"."id", "pages__blocks_latestStories"."featured_main_id", "pages__blocks_latestStories"."featured_sub1_id", "pages__blocks_latestStories"."featured_sub2_id", "pages__blocks_latestStories"."block_name") order by "pages__blocks_latestStories"."_order" asc), '[]'::json) as "data" from (select * from "pages_blocks_latest_stories" "pages__blocks_latestStories" where "pages__blocks_latestStories"."_parent_id" = "pages"."id" order by "pages__blocks_latestStories"."_order" asc) "pages__blocks_latestStories") "pages__blocks_latestStories" on true left join lateral (select coalesce(json_agg(json_build_array("pages__rels"."order", "pages__rels"."path", "pages__rels"."pages_id", "pages__rels"."posts_id", "pages__rels"."categories_id") order by "pages__rels"."order" asc), '[]'::json) as "data" from (select * from "pages_rels" "pages__rels" where "pages__rels"."parent_id" = "pages"."id" order by "pages__rels"."order" asc) "pages__rels") "pages__rels" on true where ("pages"."slug" = $1 and "pages"."_status" = $2) order by "pages"."created_at" desc limit $3
params: home,published,1
    at async eval (src/app/(frontend)/[slug]/page.tsx:99:17)
    at async Page (src/app/(frontend)/[slug]/page.tsx:54:9)
   97 |   const payload = await getPayload({ config: configPromise })
   98 |
>  99 |   const result = await payload.find({
      |                 ^
  100 |     collection: 'pages',
  101 |     draft,
  102 |     limit: 1, {
  query: `select "pages"."id", "pages"."title", "pages"."hero_type", "pages"."hero_rich_text", "pages"."hero_media_id", "pages"."meta_title", "pages"."meta_image_id", "pages"."meta_description", "pages"."published_at", "pages"."generate_slug", "pages"."slug", "pages"."updated_at", "pages"."created_at", "pages"."_status", "pages_hero_links"."data" as "hero_links", "pages__blocks_cta"."data" as "_blocks_cta", "pages__blocks_content"."data" as "_blocks_content", "pages__blocks_mediaBlock"."data" as "_blocks_mediaBlock", "pages__blocks_archive"."data" as "_blocks_archive", "pages__blocks_formBlock"."data" as "_blocks_formBlock", "pages__blocks_latestStories"."data" as "_blocks_latestStories", "pages__rels"."data" as "_rels" from "pages" "pages" left join lateral (select coalesce(json_agg(json_build_array("pages_hero_links"."_order", "pages_hero_links"."id", "pages_hero_links"."link_type", "pages_hero_links"."link_new_tab", "pages_hero_links"."link_url", "pages_hero_links"."link_label", "pages_hero_links"."link_appearance") order by "pages_hero_links"."_order" asc), '[]'::json) as "data" from (select * from "pages_hero_links" "pages_hero_links" where "pages_hero_links"."_parent_id" = "pages"."id" order by "pages_hero_links"."_order" asc) "pages_hero_links") "pages_hero_links" on true left join lateral (select coalesce(json_agg(json_build_array("pages__blocks_cta"."_order", "pages__blocks_cta"."_path", "pages__blocks_cta"."id", "pages__blocks_cta"."rich_text", "pages__blocks_cta"."block_name", "pages__blocks_cta_links"."data") order by "pages__blocks_cta"."_order" asc), '[]'::json) as "data" from (select * from "pages_blocks_cta" "pages__blocks_cta" where "pages__blocks_cta"."_parent_id" = "pages"."id" order by "pages__blocks_cta"."_order" asc) "pages__blocks_cta" left join lateral (select coalesce(json_agg(json_build_array("pages__blocks_cta_links"."_order", "pages__blocks_cta_links"."id", "pages__blocks_cta_links"."link_type", "pages__blocks_cta_links"."link_new_tab", "pages__blocks_cta_links"."link_url", "pages__blocks_cta_links"."link_label", "pages__blocks_cta_links"."link_appearance") order by "pages__blocks_cta_links"."_order" asc), '[]'::json) as "data" from (select * from "pages_blocks_cta_links" "pages__blocks_cta_links" where "pages__blocks_cta_links"."_parent_id" = "pages__blocks_cta"."id" order by "pages__blocks_cta_links"."_order" asc) "pages__blocks_cta_links") "pages__blocks_cta_links" on true) "pages__blocks_cta" on true left join lateral (select coalesce(json_agg(json_build_array("pages__blocks_content"."_order", "pages__blocks_content"."_path", "pages__blocks_content"."id", "pages__blocks_content"."block_name", "pages__blocks_content_columns"."data") order by "pages__blocks_content"."_order" asc), '[]'::json) as "data" from (select * from "pages_blocks_content" "pages__blocks_content" where "pages__blocks_content"."_parent_id" = "pages"."id" order by "pages__blocks_content"."_order" asc) "pages__blocks_content" left join lateral (select coalesce(json_agg(json_build_array("pages__blocks_content_columns"."_order", "pages__blocks_content_columns"."id", "pages__blocks_content_columns"."size", "pages__blocks_content_columns"."rich_text", "pages__blocks_content_columns"."enable_link", "pages__blocks_content_columns"."link_type", "pages__blocks_content_columns"."link_new_tab", "pages__blocks_content_columns"."link_url", "pages__blocks_content_columns"."link_label", "pages__blocks_content_columns"."link_appearance") order by "pages__blocks_content_columns"."_order" asc), '[]'::json) as "data" from (select * from "pages_blocks_content_columns" "pages__blocks_content_columns" where "pages__blocks_content_columns"."_parent_id" = "pages__blocks_content"."id" order by "pages__blocks_content_columns"."_order" asc) "pages__blocks_content_columns") "pages__blocks_content_columns" on true) "pages__blocks_content" on true left join lateral (select coalesce(json_agg(json_build_array("pages__blocks_mediaBlock"."_order", "pages__blocks_mediaBlock"."_path", "pages__blocks_mediaBlock"."id", "pages__blocks_mediaBlock"."media_id", "pages__blocks_mediaBlock"."variant", "pages__blocks_mediaBlock"."width", "pages__blocks_mediaBlock"."align", "pages__blocks_mediaBlock"."layout", "pages__blocks_mediaBlock"."second_media_id", "pages__blocks_mediaBlock"."block_name") order by "pages__blocks_mediaBlock"."_order" asc), '[]'::json) as "data" from (select * from "pages_blocks_media_block" "pages__blocks_mediaBlock" where "pages__blocks_mediaBlock"."_parent_id" = "pages"."id" order by "pages__blocks_mediaBlock"."_order" asc) "pages__blocks_mediaBlock") "pages__blocks_mediaBlock" on true left join lateral (select coalesce(json_agg(json_build_array("pages__blocks_archive"."_order", "pages__blocks_archive"."_path", "pages__blocks_archive"."id", "pages__blocks_archive"."intro_content", "pages__blocks_archive"."populate_by", "pages__blocks_archive"."relation_to", "pages__blocks_archive"."limit", "pages__blocks_archive"."block_name") order by "pages__blocks_archive"."_order" asc), '[]'::json) as "data" from (select * from "pages_blocks_archive" "pages__blocks_archive" where "pages__blocks_archive"."_parent_id" = "pages"."id" order by "pages__blocks_archive"."_order" asc) "pages__blocks_archive") "pages__blocks_archive" on true left join lateral (select coalesce(json_agg(json_build_array("pages__blocks_formBlock"."_order", "pages__blocks_formBlock"."_path", "pages__blocks_formBlock"."id", "pages__blocks_formBlock"."form_id", "pages__blocks_formBlock"."enable_intro", "pages__blocks_formBlock"."intro_content", "pages__blocks_formBlock"."block_name") order by "pages__blocks_formBlock"."_order" asc), '[]'::json) as "data" from (select * from "pages_blocks_form_block" "pages__blocks_formBlock" where "pages__blocks_formBlock"."_parent_id" = "pages"."id" order by "pages__blocks_formBlock"."_order" asc) "pages__blocks_formBlock") "pages__blocks_formBlock" on true left join lateral (select coalesce(json_agg(json_build_array("pages__blocks_latestStories"."_order", "pages__blocks_latestStories"."_path", "pages__blocks_latestStories"."id", "pages__blocks_latestStories"."featured_main_id", "pages__blocks_latestStories"."featured_sub1_id", "pages__blocks_latestStories"."featured_sub2_id", "pages__blocks_latestStories"."block_name") order by "pages__blocks_latestStories"."_order" asc), '[]'::json) as "data" from (select * from "pages_blocks_latest_stories" "pages__blocks_latestStories" where "pages__blocks_latestStories"."_parent_id" = "pages"."id" order by "pages__blocks_latestStories"."_order" asc) "pages__blocks_latestStories") "pages__blocks_latestStories" on true left join lateral (select coalesce(json_agg(json_build_array("pages__rels"."order", "pages__rels"."path", "pages__rels"."pages_id", "pages__rels"."posts_id", "pages__rels"."categories_id") order by "pages__rels"."order" asc), '[]'::json) as "data" from (select * from "pages_rels" "pages__rels" where "pages__rels"."parent_id" = "pages"."id" order by "pages__rels"."order" asc) "pages__rels") "pages__rels" on true where ("pages"."slug" = $1 and "pages"."_status" = $2) order by "pages"."created_at" desc limit $3`,
  params: [Array],
  digest: '2198910907',
  [cause]: error: column pages__blocks_mediaBlock.layout does not exist
      at async eval (src/app/(frontend)/[slug]/page.tsx:99:17)
      at async Page (src/app/(frontend)/[slug]/page.tsx:54:9)
     97 |   const payload = await getPayload({ config: configPromise })
     98 |
  >  99 |   const result = await payload.find({
        |                 ^
    100 |     collection: 'pages',
    101 |     draft,
    102 |     limit: 1, {
    length: 131,
    severity: 'ERROR',
    code: '42703',
    detail: undefined,
    hint: undefined,
    position: '4196',
    internalPosition: undefined,
    internalQuery: undefined,
    where: undefined,
    schema: undefined,
    table: undefined,
    column: undefined,
    dataType: undefined,
    constraint: undefined,
    file: 'parse_relation.c',
    line: '3716',
    routine: 'errorMissingColumn'
  }
}
 ⨯ Error: Failed query: select "pages"."id", "pages"."title", "pages"."hero_type", "pages"."hero_rich_text", "pages"."hero_media_id", "pages"."meta_title", "pages"."meta_image_id", "pages"."meta_description", "pages"."published_at", "pages"."generate_slug", "pages"."slug", "pages"."updated_at", "pages"."created_at", "pages"."_status", "pages_hero_links"."data" as "hero_links", "pages__blocks_cta"."data" as "_blocks_cta", "pages__blocks_content"."data" as "_blocks_content", "pages__blocks_mediaBlock"."data" as "_blocks_mediaBlock", "pages__blocks_archive"."data" as "_blocks_archive", "pages__blocks_formBlock"."data" as "_blocks_formBlock", "pages__blocks_latestStories"."data" as "_blocks_latestStories", "pages__rels"."data" as "_rels" from "pages" "pages" left join lateral (select coalesce(json_agg(json_build_array("pages_hero_links"."_order", "pages_hero_links"."id", "pages_hero_links"."link_type", "pages_hero_links"."link_new_tab", "pages_hero_links"."link_url", "pages_hero_links"."link_label", "pages_hero_links"."link_appearance") order by "pages_hero_links"."_order" asc), '[]'::json) as "data" from (select * from "pages_hero_links" "pages_hero_links" where "pages_hero_links"."_parent_id" = "pages"."id" order by "pages_hero_links"."_order" asc) "pages_hero_links") "pages_hero_links" on true left join lateral (select coalesce(json_agg(json_build_array("pages__blocks_cta"."_order", "pages__blocks_cta"."_path", "pages__blocks_cta"."id", "pages__blocks_cta"."rich_text", "pages__blocks_cta"."block_name", "pages__blocks_cta_links"."data") order by "pages__blocks_cta"."_order" asc), '[]'::json) as "data" from (select * from "pages_blocks_cta" "pages__blocks_cta" where "pages__blocks_cta"."_parent_id" = "pages"."id" order by "pages__blocks_cta"."_order" asc) "pages__blocks_cta" left join lateral (select coalesce(json_agg(json_build_array("pages__blocks_cta_links"."_order", "pages__blocks_cta_links"."id", "pages__blocks_cta_links"."link_type", "pages__blocks_cta_links"."link_new_tab", "pages__blocks_cta_links"."link_url", "pages__blocks_cta_links"."link_label", "pages__blocks_cta_links"."link_appearance") order by "pages__blocks_cta_links"."_order" asc), '[]'::json) as "data" from (select * from "pages_blocks_cta_links" "pages__blocks_cta_links" where "pages__blocks_cta_links"."_parent_id" = "pages__blocks_cta"."id" order by "pages__blocks_cta_links"."_order" asc) "pages__blocks_cta_links") "pages__blocks_cta_links" on true) "pages__blocks_cta" on true left join lateral (select coalesce(json_agg(json_build_array("pages__blocks_content"."_order", "pages__blocks_content"."_path", "pages__blocks_content"."id", "pages__blocks_content"."block_name", "pages__blocks_content_columns"."data") order by "pages__blocks_content"."_order" asc), '[]'::json) as "data" from (select * from "pages_blocks_content" "pages__blocks_content" where "pages__blocks_content"."_parent_id" = "pages"."id" order by "pages__blocks_content"."_order" asc) "pages__blocks_content" left join lateral (select coalesce(json_agg(json_build_array("pages__blocks_content_columns"."_order", "pages__blocks_content_columns"."id", "pages__blocks_content_columns"."size", "pages__blocks_content_columns"."rich_text", "pages__blocks_content_columns"."enable_link", "pages__blocks_content_columns"."link_type", "pages__blocks_content_columns"."link_new_tab", "pages__blocks_content_columns"."link_url", "pages__blocks_content_columns"."link_label", "pages__blocks_content_columns"."link_appearance") order by "pages__blocks_content_columns"."_order" asc), '[]'::json) as "data" from (select * from "pages_blocks_content_columns" "pages__blocks_content_columns" where "pages__blocks_content_columns"."_parent_id" = "pages__blocks_content"."id" order by "pages__blocks_content_columns"."_order" asc) "pages__blocks_content_columns") "pages__blocks_content_columns" on true) "pages__blocks_content" on true left join lateral (select coalesce(json_agg(json_build_array("pages__blocks_mediaBlock"."_order", "pages__blocks_mediaBlock"."_path", "pages__blocks_mediaBlock"."id", "pages__blocks_mediaBlock"."media_id", "pages__blocks_mediaBlock"."variant", "pages__blocks_mediaBlock"."width", "pages__blocks_mediaBlock"."align", "pages__blocks_mediaBlock"."layout", "pages__blocks_mediaBlock"."second_media_id", "pages__blocks_mediaBlock"."block_name") order by "pages__blocks_mediaBlock"."_order" asc), '[]'::json) as "data" from (select * from "pages_blocks_media_block" "pages__blocks_mediaBlock" where "pages__blocks_mediaBlock"."_parent_id" = "pages"."id" order by "pages__blocks_mediaBlock"."_order" asc) "pages__blocks_mediaBlock") "pages__blocks_mediaBlock" on true left join lateral (select coalesce(json_agg(json_build_array("pages__blocks_archive"."_order", "pages__blocks_archive"."_path", "pages__blocks_archive"."id", "pages__blocks_archive"."intro_content", "pages__blocks_archive"."populate_by", "pages__blocks_archive"."relation_to", "pages__blocks_archive"."limit", "pages__blocks_archive"."block_name") order by "pages__blocks_archive"."_order" asc), '[]'::json) as "data" from (select * from "pages_blocks_archive" "pages__blocks_archive" where "pages__blocks_archive"."_parent_id" = "pages"."id" order by "pages__blocks_archive"."_order" asc) "pages__blocks_archive") "pages__blocks_archive" on true left join lateral (select coalesce(json_agg(json_build_array("pages__blocks_formBlock"."_order", "pages__blocks_formBlock"."_path", "pages__blocks_formBlock"."id", "pages__blocks_formBlock"."form_id", "pages__blocks_formBlock"."enable_intro", "pages__blocks_formBlock"."intro_content", "pages__blocks_formBlock"."block_name") order by "pages__blocks_formBlock"."_order" asc), '[]'::json) as "data" from (select * from "pages_blocks_form_block" "pages__blocks_formBlock" where "pages__blocks_formBlock"."_parent_id" = "pages"."id" order by "pages__blocks_formBlock"."_order" asc) "pages__blocks_formBlock") "pages__blocks_formBlock" on true left join lateral (select coalesce(json_agg(json_build_array("pages__blocks_latestStories"."_order", "pages__blocks_latestStories"."_path", "pages__blocks_latestStories"."id", "pages__blocks_latestStories"."featured_main_id", "pages__blocks_latestStories"."featured_sub1_id", "pages__blocks_latestStories"."featured_sub2_id", "pages__blocks_latestStories"."block_name") order by "pages__blocks_latestStories"."_order" asc), '[]'::json) as "data" from (select * from "pages_blocks_latest_stories" "pages__blocks_latestStories" where "pages__blocks_latestStories"."_parent_id" = "pages"."id" order by "pages__blocks_latestStories"."_order" asc) "pages__blocks_latestStories") "pages__blocks_latestStories" on true left join lateral (select coalesce(json_agg(json_build_array("pages__rels"."order", "pages__rels"."path", "pages__rels"."pages_id", "pages__rels"."posts_id", "pages__rels"."categories_id") order by "pages__rels"."order" asc), '[]'::json) as "data" from (select * from "pages_rels" "pages__rels" where "pages__rels"."parent_id" = "pages"."id" order by "pages__rels"."order" asc) "pages__rels") "pages__rels" on true where ("pages"."slug" = $1 and "pages"."_status" = $2) order by "pages"."created_at" desc limit $3
params: home,published,1
    at eval (webpack-internal:///(rsc)/./src/app/(frontend)/%5Bslug%5D/page.tsx:141:20)
    at Module.generateMetadata (webpack-internal:///(rsc)/./src/app/(frontend)/%5Bslug%5D/page.tsx:129:18) {
  environmentName: 'Server',
  digest: '1092527162'
}
 GET / 500 in 10349ms
   Reload env: .env
 ✓ Compiled in 1054ms (1876 modules)
   Reload env: .env
 ✓ Compiled in 418ms (1876 modules)
   Reload env: .env
 ✓ Compiled in 264ms (1876 modules)
   Reload env: .env
 ✓ Compiled in 364ms (1876 modules)
 ✓ Compiled in 551ms (460 modules)
 ✓ Compiled in 535ms (460 modules)
<w> [webpack.cache.PackFileCacheStrategy] Caching failed for pack: Error: ENOENT: no such file or directory, stat '/Users/timbarnsley/Documents/GitHub/eutopias/.next/cache/webpack/client-development/1.pack.gz'
 ✓ Compiled in 573ms (460 modules)
 ✓ Compiled in 509ms (460 modules)
 ✓ Compiled in 401ms (460 modules)
 ✓ Compiled in 448ms (460 modules)
 ✓ Compiled in 950ms (1890 modules)
 ✓ Compiled in 679ms (1890 modules)
[Error: ENOENT: no such file or directory, stat '/Users/timbarnsley/Documents/GitHub/eutopias/.next/cache/webpack/server-development/1.pack.gz'] {
  errno: -2,
  code: 'ENOENT',
  syscall: 'stat',
  path: '/Users/timbarnsley/Documents/GitHub/eutopias/.next/cache/webpack/server-development/1.pack.gz'
}
 ⨯ unhandledRejection: [Error: ENOENT: no such file or directory, stat '/Users/timbarnsley/Documents/GitHub/eutopias/.next/cache/webpack/server-development/1.pack.gz'] {
  errno: -2,
  code: 'ENOENT',
  syscall: 'stat',
  path: '/Users/timbarnsley/Documents/GitHub/eutopias/.next/cache/webpack/server-development/1.pack.gz'
}
 ⨯ unhandledRejection:  [Error: ENOENT: no such file or directory, stat '/Users/timbarnsley/Documents/GitHub/eutopias/.next/cache/webpack/server-development/1.pack.gz'] {
  errno: -2,
  code: 'ENOENT',
  syscall: 'stat',
  path: '/Users/timbarnsley/Documents/GitHub/eutopias/.next/cache/webpack/server-development/1.pack.gz'
}
<w> [webpack.cache.PackFileCacheStrategy] Caching failed for pack: Error: ENOENT: no such file or directory, stat '/Users/timbarnsley/Documents/GitHub/eutopias/.next/cache/webpack/server-development/1.pack.gz'
 ✓ Compiled in 899ms (1890 modules)
 ✓ Compiled in 1158ms (1890 modules)
 ✓ Compiled in 893ms (1890 modules)
 ✓ Compiled in 680ms (1890 modules)
 ✓ Compiled in 649ms (1890 modules)
 ✓ Compiled in 596ms (460 modules)
 ✓ Compiled in 447ms (460 modules)
 ⨯ ./src/migrations/src/migrations/20251019_add_layout_to_media_block.ts
Error: 

Caused by:
    0: Failed to read source code from /Users/timbarnsley/Documents/GitHub/eutopias/src/migrations/src/migrations/20251019_add_layout_to_media_block.ts
    1: No such file or directory (os error 2)

Import trace for requested module:
./src/migrations/src/migrations/20251019_add_layout_to_media_block.ts
./src/migrations/index.ts
./src/payload.config.ts
./src/app/(frontend)/[slug]/page.tsx
./src/app/(frontend)/page.tsx
 ✓ Compiled in 286ms (460 modules)
 ✓ Compiled in 364ms (460 modules)
 ✓ Compiled in 553ms (460 modules)
 ✓ Compiled in 345ms (460 modules)
 ✓ Compiled in 448ms (460 modules)
 ✓ Compiled in 673ms (460 modules)
 ✓ Compiled in 640ms (460 modules)
 ✓ Compiled in 951ms (1890 modules)
 ✓ Compiled in 606ms (1890 modules)
 ⨯ ./src/migrations/index.ts:2:1
Module not found: Can't resolve './src/migrations/20251019_add_layout_to_media_block'
  1 | import type { Migration } from 'payload'
> 2 | import { addLayoutSecondMediaToMediaBlock } from './src/migrations/20251019_add_layout_to_media_block'
    | ^
  3 |
  4 | export const migrations: Migration[] = [addLayoutSecondMediaToMediaBlock]
  5 | export default migrations

https://nextjs.org/docs/messages/module-not-found

Import trace for requested module:
./src/payload.config.ts
./src/app/(frontend)/[slug]/page.tsx
./src/app/(frontend)/page.tsx
 ✓ Compiled in 612ms (460 modules)
 ⨯ ./src/migrations/index.ts:2:1
Module not found: Can't resolve './src/migrations/20251019_add_layout_to_media_block'
  1 | import type { Migration } from 'payload'
> 2 | import { addLayoutSecondMediaToMediaBlock } from './src/migrations/20251019_add_layout_to_media_block'
    | ^
  3 |
  4 | export const migrations: Migration[] = [addLayoutSecondMediaToMediaBlock]
  5 | export default migrations

https://nextjs.org/docs/messages/module-not-found

Import trace for requested module:
./src/payload.config.ts
./src/app/(frontend)/[slug]/page.tsx
./src/app/(frontend)/page.tsx
 ⨯ ./src/migrations/index.ts:2:1
Module not found: Can't resolve './src/migrations/20251019_add_layout_to_media_block'
  1 | import type { Migration } from 'payload'
> 2 | import { addLayoutSecondMediaToMediaBlock } from './src/migrations/20251019_add_layout_to_media_block'
    | ^
  3 |
  4 | export const migrations: Migration[] = [addLayoutSecondMediaToMediaBlock]
  5 | export default migrations

https://nextjs.org/docs/messages/module-not-found

Import trace for requested module:
./src/payload.config.ts
./src/app/(frontend)/[slug]/page.tsx
./src/app/(frontend)/page.tsx
 ⨯ ./src/migrations/index.ts:2:1
Module not found: Can't resolve './src/migrations/20251019_add_layout_to_media_block'
  1 | import type { Migration } from 'payload'
> 2 | import { addLayoutSecondMediaToMediaBlock } from './src/migrations/20251019_add_layout_to_media_block'
    | ^
  3 |
  4 | export const migrations: Migration[] = [addLayoutSecondMediaToMediaBlock]
  5 | export default migrations

https://nextjs.org/docs/messages/module-not-found

Import trace for requested module:
./src/payload.config.ts
./src/app/(frontend)/[slug]/page.tsx
./src/app/(frontend)/page.tsx
 ⨯ ./src/migrations/index.ts:2:1
Module not found: Can't resolve './src/migrations/20251019_add_layout_to_media_block'
  1 | import type { Migration } from 'payload'
> 2 | import { addLayoutSecondMediaToMediaBlock } from './src/migrations/20251019_add_layout_to_media_block'
    | ^
  3 |
  4 | export const migrations: Migration[] = [addLayoutSecondMediaToMediaBlock]
  5 | export default migrations

https://nextjs.org/docs/messages/module-not-found

Import trace for requested module:
./src/payload.config.ts
./src/app/(frontend)/[slug]/page.tsx
./src/app/(frontend)/page.tsx
 ⨯ ./src/migrations/index.ts:2:1
Module not found: Can't resolve './src/migrations/20251019_add_layout_to_media_block'
  1 | import type { Migration } from 'payload'
> 2 | import { addLayoutSecondMediaToMediaBlock } from './src/migrations/20251019_add_layout_to_media_block'
    | ^
  3 |
  4 | export const migrations: Migration[] = [addLayoutSecondMediaToMediaBlock]
  5 | export default migrations

https://nextjs.org/docs/messages/module-not-found

Import trace for requested module:
./src/payload.config.ts
./src/app/(frontend)/[slug]/page.tsx
./src/app/(frontend)/page.tsx
 ⨯ ./src/migrations/index.ts:2:1
Module not found: Can't resolve './src/migrations/20251019_add_layout_to_media_block'
  1 | import type { Migration } from 'payload'
> 2 | import { addLayoutSecondMediaToMediaBlock } from './src/migrations/20251019_add_layout_to_media_block'
    | ^
  3 |
  4 | export const migrations: Migration[] = [addLayoutSecondMediaToMediaBlock]
  5 | export default migrations

https://nextjs.org/docs/messages/module-not-found

Import trace for requested module:
./src/payload.config.ts
./src/app/(frontend)/[slug]/page.tsx
./src/app/(frontend)/page.tsx
 ✓ Compiled in 1173ms (1889 modules)
 ✓ Compiled in 776ms (1889 modules)
 ✓ Compiled in 510ms (460 modules)
 ✓ Compiled in 419ms (460 modules)
